<?xml version="1.0" encoding="UTF-8"?>
<testsuite name="HanSeek.HanSeekApplicationTests" tests="1" skipped="0" failures="0" errors="0" timestamp="2023-03-08T02:53:31" hostname="LAPTOP-7GG4A4E0" time="0.92">
  <properties/>
  <testcase name="contextLoads()" classname="HanSeek.HanSeekApplicationTests" time="0.92"/>
  <system-out><![CDATA[11:53:27.095 [Test worker] DEBUG org.springframework.boot.test.context.SpringBootTestContextBootstrapper - Neither @ContextConfiguration nor @ContextHierarchy found for test class [HanSeekApplicationTests]: using SpringBootContextLoader
11:53:27.108 [Test worker] DEBUG org.springframework.test.context.support.AbstractContextLoader - Could not detect default resource locations for test class [HanSeek.HanSeekApplicationTests]: no resource found for suffixes {-context.xml, Context.groovy}.
11:53:27.111 [Test worker] INFO org.springframework.test.context.support.AnnotationConfigContextLoaderUtils - Could not detect default configuration classes for test class [HanSeek.HanSeekApplicationTests]: HanSeekApplicationTests does not declare any static, non-private, non-final, nested classes annotated with @Configuration.
11:53:27.174 [Test worker] DEBUG org.springframework.boot.test.context.SpringBootTestContextBootstrapper - Using ContextCustomizers for test class [HanSeekApplicationTests]: [DisableObservabilityContextCustomizer, PropertyMappingContextCustomizer, Customizer, ExcludeFilterContextCustomizer, DuplicateJsonObjectContextCustomizer, MockitoContextCustomizer, TestRestTemplateContextCustomizer]
11:53:27.432 [Test worker] DEBUG org.springframework.context.annotation.ClassPathScanningCandidateComponentProvider - Identified candidate component class: file [C:\Users\help0\IdeaProjects\HanSeek\HanSeek\HanSeek\build\classes\java\main\HanSeek\HanSeekApplication.class]
11:53:27.437 [Test worker] INFO org.springframework.boot.test.context.SpringBootTestContextBootstrapper - Found @SpringBootConfiguration HanSeek.HanSeekApplication for test class HanSeek.HanSeekApplicationTests
11:53:27.724 [Test worker] DEBUG org.springframework.test.context.util.TestContextSpringFactoriesUtils - Skipping candidate TestExecutionListener [org.springframework.test.context.transaction.TransactionalTestExecutionListener] due to a missing dependency. Specify custom TestExecutionListener classes or make the default TestExecutionListener classes and their required dependencies available. Offending class: [org/springframework/transaction/interceptor/TransactionAttributeSource]
11:53:27.728 [Test worker] DEBUG org.springframework.test.context.util.TestContextSpringFactoriesUtils - Skipping candidate TestExecutionListener [org.springframework.test.context.jdbc.SqlScriptsTestExecutionListener] due to a missing dependency. Specify custom TestExecutionListener classes or make the default TestExecutionListener classes and their required dependencies available. Offending class: [org/springframework/transaction/interceptor/TransactionAttribute]
11:53:27.733 [Test worker] DEBUG org.springframework.boot.test.context.SpringBootTestContextBootstrapper - Using TestExecutionListeners for test class [HanSeekApplicationTests]: [ServletTestExecutionListener, DirtiesContextBeforeModesTestExecutionListener, ApplicationEventsTestExecutionListener, MockitoTestExecutionListener, DependencyInjectionTestExecutionListener, DirtiesContextTestExecutionListener, EventPublishingTestExecutionListener, RestDocsTestExecutionListener, MockRestServiceServerResetTestExecutionListener, MockMvcPrintOnlyOnFailureTestExecutionListener, WebDriverTestExecutionListener, MockWebServiceServerTestExecutionListener, ResetMocksTestExecutionListener]
11:53:27.737 [Test worker] DEBUG org.springframework.test.context.support.AbstractDirtiesContextTestExecutionListener - Before test class: class [HanSeekApplicationTests], class annotated with @DirtiesContext [false] with mode [null]

  .   ____          _            __ _ _
 /\\ / ___'_ __ _ _(_)_ __  __ _ \ \ \ \
( ( )\___ | '_ | '_| | '_ \/ _` | \ \ \ \
 \\/  ___)| |_)| | | | | || (_| |  ) ) ) )
  '  |____| .__|_| |_|_| |_\__, | / / / /
 =========|_|==============|___/=/_/_/_/
 :: Spring Boot ::                (v3.0.4)

2023-03-08T11:53:28.446+09:00  INFO 5640 --- [    Test worker] HanSeek.HanSeekApplicationTests          : Starting HanSeekApplicationTests using Java 19.0.1 with PID 5640 (started by help0 in C:\Users\help0\IdeaProjects\HanSeek\HanSeek\HanSeek)
2023-03-08T11:53:28.451+09:00  INFO 5640 --- [    Test worker] HanSeek.HanSeekApplicationTests          : No active profile set, falling back to 1 default profile: "default"
2023-03-08T11:53:31.392+09:00  WARN 5640 --- [    Test worker] ion$DefaultTemplateResolverConfiguration : Cannot find template location: classpath:/templates/ (please add some templates, check your Thymeleaf configuration, or set spring.thymeleaf.check-template-location=false)
2023-03-08T11:53:31.513+09:00  INFO 5640 --- [    Test worker] HanSeek.HanSeekApplicationTests          : Started HanSeekApplicationTests in 3.616 seconds (process running for 6.797)
]]></system-out>
  <system-err><![CDATA[]]></system-err>
</testsuite>
