<?xml version="1.0" encoding="UTF-8"?>
<testsuite name="HanSeek.HanSeekApplicationTests" tests="1" skipped="0" failures="0" errors="0" timestamp="2023-03-10T10:03:39" hostname="LAPTOP-7GG4A4E0" time="1.741">
  <properties/>
  <testcase name="contextLoads()" classname="HanSeek.HanSeekApplicationTests" time="1.741"/>
  <system-out><![CDATA[19:03:33.521 [Test worker] DEBUG org.springframework.boot.test.context.SpringBootTestContextBootstrapper - Neither @ContextConfiguration nor @ContextHierarchy found for test class [HanSeekApplicationTests]: using SpringBootContextLoader
19:03:33.541 [Test worker] DEBUG org.springframework.test.context.support.AbstractContextLoader - Could not detect default resource locations for test class [HanSeek.HanSeekApplicationTests]: no resource found for suffixes {-context.xml, Context.groovy}.
19:03:33.544 [Test worker] INFO org.springframework.test.context.support.AnnotationConfigContextLoaderUtils - Could not detect default configuration classes for test class [HanSeek.HanSeekApplicationTests]: HanSeekApplicationTests does not declare any static, non-private, non-final, nested classes annotated with @Configuration.
19:03:33.649 [Test worker] DEBUG org.springframework.boot.test.context.SpringBootTestContextBootstrapper - Using ContextCustomizers for test class [HanSeekApplicationTests]: [DisableObservabilityContextCustomizer, PropertyMappingContextCustomizer, Customizer, ExcludeFilterContextCustomizer, DuplicateJsonObjectContextCustomizer, MockitoContextCustomizer, TestRestTemplateContextCustomizer]
19:03:33.954 [Test worker] DEBUG org.springframework.context.annotation.ClassPathScanningCandidateComponentProvider - Identified candidate component class: file [C:\Users\help0\IdeaProjects\HanSeek\HanSeek\HanSeek\build\classes\java\main\HanSeek\HanSeekApplication.class]
19:03:33.958 [Test worker] INFO org.springframework.boot.test.context.SpringBootTestContextBootstrapper - Found @SpringBootConfiguration HanSeek.HanSeekApplication for test class HanSeek.HanSeekApplicationTests
19:03:34.304 [Test worker] DEBUG org.springframework.test.context.util.TestContextSpringFactoriesUtils - Skipping candidate TestExecutionListener [org.springframework.test.context.transaction.TransactionalTestExecutionListener] due to a missing dependency. Specify custom TestExecutionListener classes or make the default TestExecutionListener classes and their required dependencies available. Offending class: [org/springframework/transaction/interceptor/TransactionAttributeSource]
19:03:34.310 [Test worker] DEBUG org.springframework.test.context.util.TestContextSpringFactoriesUtils - Skipping candidate TestExecutionListener [org.springframework.test.context.jdbc.SqlScriptsTestExecutionListener] due to a missing dependency. Specify custom TestExecutionListener classes or make the default TestExecutionListener classes and their required dependencies available. Offending class: [org/springframework/transaction/interceptor/TransactionAttribute]
19:03:34.317 [Test worker] DEBUG org.springframework.boot.test.context.SpringBootTestContextBootstrapper - Using TestExecutionListeners for test class [HanSeekApplicationTests]: [ServletTestExecutionListener, DirtiesContextBeforeModesTestExecutionListener, ApplicationEventsTestExecutionListener, MockitoTestExecutionListener, DependencyInjectionTestExecutionListener, DirtiesContextTestExecutionListener, EventPublishingTestExecutionListener, RestDocsTestExecutionListener, MockRestServiceServerResetTestExecutionListener, MockMvcPrintOnlyOnFailureTestExecutionListener, WebDriverTestExecutionListener, MockWebServiceServerTestExecutionListener, ResetMocksTestExecutionListener]
19:03:34.321 [Test worker] DEBUG org.springframework.test.context.support.AbstractDirtiesContextTestExecutionListener - Before test class: class [HanSeekApplicationTests], class annotated with @DirtiesContext [false] with mode [null]

  .   ____          _            __ _ _
 /\\ / ___'_ __ _ _(_)_ __  __ _ \ \ \ \
( ( )\___ | '_ | '_| | '_ \/ _` | \ \ \ \
 \\/  ___)| |_)| | | | | || (_| |  ) ) ) )
  '  |____| .__|_| |_|_| |_\__, | / / / /
 =========|_|==============|___/=/_/_/_/
 :: Spring Boot ::                (v3.0.4)

2023-03-10T19:03:35.249+09:00  WARN 3812 --- [    Test worker] ory$DuplicateJsonObjectContextCustomizer : 

Found multiple occurrences of org.json.JSONObject on the class path:

	jar:file:/C:/Users/help0/.gradle/caches/modules-2/files-2.1/org.json/org.json/chargebee-1.0/8b3f1c9d4af9140a570002657c6595f8fe21ba56/org.json-chargebee-1.0.jar!/org/json/JSONObject.class
	jar:file:/C:/Users/help0/.gradle/caches/modules-2/files-2.1/com.vaadin.external.google/android-json/0.0.20131108.vaadin1/fa26d351fe62a6a17f5cda1287c1c6110dec413f/android-json-0.0.20131108.vaadin1.jar!/org/json/JSONObject.class

You may wish to exclude one of them to ensure predictable runtime behavior

2023-03-10T19:03:35.320+09:00  INFO 3812 --- [    Test worker] HanSeek.HanSeekApplicationTests          : Starting HanSeekApplicationTests using Java 19.0.1 with PID 3812 (started by help0 in C:\Users\help0\IdeaProjects\HanSeek\HanSeek\HanSeek)
2023-03-10T19:03:35.323+09:00  INFO 3812 --- [    Test worker] HanSeek.HanSeekApplicationTests          : No active profile set, falling back to 1 default profile: "default"
2023-03-10T19:03:39.921+09:00  INFO 3812 --- [    Test worker] HanSeek.HanSeekApplicationTests          : Started HanSeekApplicationTests in 5.408 seconds (process running for 9.617)
]]></system-out>
  <system-err><![CDATA[]]></system-err>
</testsuite>
