<?xml version="1.0" encoding="UTF-8"?>
<testsuite name="HanSeek.HanSeekApplicationTests" tests="1" skipped="0" failures="0" errors="0" timestamp="2023-03-11T01:01:38" hostname="LAPTOP-7GG4A4E0" time="0.65">
  <properties/>
  <testcase name="contextLoads()" classname="HanSeek.HanSeekApplicationTests" time="0.65"/>
  <system-out><![CDATA[10:01:26.763 [Test worker] DEBUG org.springframework.boot.test.context.SpringBootTestContextBootstrapper - Neither @ContextConfiguration nor @ContextHierarchy found for test class [HanSeekApplicationTests]: using SpringBootContextLoader
10:01:26.773 [Test worker] DEBUG org.springframework.test.context.support.AbstractContextLoader - Could not detect default resource locations for test class [HanSeek.HanSeekApplicationTests]: no resource found for suffixes {-context.xml, Context.groovy}.
10:01:26.775 [Test worker] INFO org.springframework.test.context.support.AnnotationConfigContextLoaderUtils - Could not detect default configuration classes for test class [HanSeek.HanSeekApplicationTests]: HanSeekApplicationTests does not declare any static, non-private, non-final, nested classes annotated with @Configuration.
10:01:26.828 [Test worker] DEBUG org.springframework.boot.test.context.SpringBootTestContextBootstrapper - Using ContextCustomizers for test class [HanSeekApplicationTests]: [DisableObservabilityContextCustomizer, PropertyMappingContextCustomizer, Customizer, ExcludeFilterContextCustomizer, DuplicateJsonObjectContextCustomizer, MockitoContextCustomizer, TestRestTemplateContextCustomizer]
10:01:26.988 [Test worker] DEBUG org.springframework.context.annotation.ClassPathScanningCandidateComponentProvider - Identified candidate component class: file [C:\Users\help0\IdeaProjects\HanSeek\HanSeek\HanSeek\build\classes\java\main\HanSeek\HanSeekApplication.class]
10:01:26.991 [Test worker] INFO org.springframework.boot.test.context.SpringBootTestContextBootstrapper - Found @SpringBootConfiguration HanSeek.HanSeekApplication for test class HanSeek.HanSeekApplicationTests
10:01:27.270 [Test worker] DEBUG org.springframework.boot.test.context.SpringBootTestContextBootstrapper - Using TestExecutionListeners for test class [HanSeekApplicationTests]: [ServletTestExecutionListener, DirtiesContextBeforeModesTestExecutionListener, ApplicationEventsTestExecutionListener, MockitoTestExecutionListener, DependencyInjectionTestExecutionListener, DirtiesContextTestExecutionListener, TransactionalTestExecutionListener, SqlScriptsTestExecutionListener, EventPublishingTestExecutionListener, RestDocsTestExecutionListener, MockRestServiceServerResetTestExecutionListener, MockMvcPrintOnlyOnFailureTestExecutionListener, WebDriverTestExecutionListener, MockWebServiceServerTestExecutionListener, ResetMocksTestExecutionListener]
10:01:27.276 [Test worker] DEBUG org.springframework.test.context.support.AbstractDirtiesContextTestExecutionListener - Before test class: class [HanSeekApplicationTests], class annotated with @DirtiesContext [false] with mode [null]

  .   ____          _            __ _ _
 /\\ / ___'_ __ _ _(_)_ __  __ _ \ \ \ \
( ( )\___ | '_ | '_| | '_ \/ _` | \ \ \ \
 \\/  ___)| |_)| | | | | || (_| |  ) ) ) )
  '  |____| .__|_| |_|_| |_\__, | / / / /
 =========|_|==============|___/=/_/_/_/
 :: Spring Boot ::                (v3.0.4)

2023-03-11T10:01:28.060+09:00  WARN 13216 --- [    Test worker] ory$DuplicateJsonObjectContextCustomizer : 

Found multiple occurrences of org.json.JSONObject on the class path:

	jar:file:/C:/Users/help0/.gradle/caches/modules-2/files-2.1/org.json/org.json/chargebee-1.0/8b3f1c9d4af9140a570002657c6595f8fe21ba56/org.json-chargebee-1.0.jar!/org/json/JSONObject.class
	jar:file:/C:/Users/help0/.gradle/caches/modules-2/files-2.1/com.vaadin.external.google/android-json/0.0.20131108.vaadin1/fa26d351fe62a6a17f5cda1287c1c6110dec413f/android-json-0.0.20131108.vaadin1.jar!/org/json/JSONObject.class

You may wish to exclude one of them to ensure predictable runtime behavior

2023-03-11T10:01:28.104+09:00  INFO 13216 --- [    Test worker] HanSeek.HanSeekApplicationTests          : Starting HanSeekApplicationTests using Java 19.0.1 with PID 13216 (started by help0 in C:\Users\help0\IdeaProjects\HanSeek\HanSeek\HanSeek)
2023-03-11T10:01:28.110+09:00  INFO 13216 --- [    Test worker] HanSeek.HanSeekApplicationTests          : No active profile set, falling back to 1 default profile: "default"
2023-03-11T10:01:29.827+09:00  INFO 13216 --- [    Test worker] .s.d.r.c.RepositoryConfigurationDelegate : Bootstrapping Spring Data JPA repositories in DEFAULT mode.
2023-03-11T10:01:29.879+09:00  INFO 13216 --- [    Test worker] .s.d.r.c.RepositoryConfigurationDelegate : Finished Spring Data repository scanning in 31 ms. Found 0 JPA repository interfaces.
2023-03-11T10:01:31.011+09:00  INFO 13216 --- [    Test worker] com.zaxxer.hikari.HikariDataSource       : HikariPool-1 - Starting...
2023-03-11T10:01:31.494+09:00  INFO 13216 --- [    Test worker] com.zaxxer.hikari.pool.HikariPool        : HikariPool-1 - Added connection conn0: url=jdbc:h2:mem:testdb user=SA
2023-03-11T10:01:31.498+09:00  INFO 13216 --- [    Test worker] com.zaxxer.hikari.HikariDataSource       : HikariPool-1 - Start completed.
2023-03-11T10:01:31.621+09:00  INFO 13216 --- [    Test worker] o.hibernate.jpa.internal.util.LogHelper  : HHH000204: Processing PersistenceUnitInfo [name: default]
2023-03-11T10:01:31.795+09:00  INFO 13216 --- [    Test worker] org.hibernate.Version                    : HHH000412: Hibernate ORM core version 6.1.7.Final
2023-03-11T10:01:32.568+09:00  INFO 13216 --- [    Test worker] SQL dialect                              : HHH000400: Using dialect: org.hibernate.dialect.H2Dialect
2023-03-11T10:01:34.381+09:00  INFO 13216 --- [    Test worker] o.h.e.t.j.p.i.JtaPlatformInitiator       : HHH000490: Using JtaPlatform implementation: [org.hibernate.engine.transaction.jta.platform.internal.NoJtaPlatform]
2023-03-11T10:01:34.404+09:00  INFO 13216 --- [    Test worker] j.LocalContainerEntityManagerFactoryBean : Initialized JPA EntityManagerFactory for persistence unit 'default'
2023-03-11T10:01:34.968+09:00  WARN 13216 --- [    Test worker] JpaBaseConfiguration$JpaWebConfiguration : spring.jpa.open-in-view is enabled by default. Therefore, database queries may be performed during view rendering. Explicitly configure spring.jpa.open-in-view to disable this warning
2023-03-11T10:01:37.466+09:00  INFO 13216 --- [    Test worker] o.s.b.a.h2.H2ConsoleAutoConfiguration    : H2 console available at '/h2-console'. Database available at 'jdbc:h2:mem:testdb'
2023-03-11T10:01:38.001+09:00  INFO 13216 --- [    Test worker] HanSeek.HanSeekApplicationTests          : Started HanSeekApplicationTests in 10.329 seconds (process running for 13.383)
]]></system-out>
  <system-err><![CDATA[]]></system-err>
</testsuite>
